<?xml version="1.0" encoding="UTF-8"?>
<testsuite xmlns:xsi="http://www.w3.org/2001/XMLSchema-instance" xsi:noNamespaceSchemaLocation="https://maven.apache.org/surefire/maven-surefire-plugin/xsd/surefire-test-report.xsd" version="3.0.2" name="TestSuite" time="143.258" tests="3" errors="0" skipped="1" failures="1">
  <properties>
[...]
</properties>
  <testcase name="login[User [emailAddress=gojat62999@cronack.com, password=passpgpass]](1)" classname="ui.tests.ecommerce.LoginTest" time="3.92">
    <system-out><![CDATA[2025-09-02 02:44:57 [main] INFO ui.listners.TestListener::onStart::71  Test Suite Started 
2025-09-02 02:44:58 [TestNG-test-UI Automation Test Ecommerce-1] INFO ui.tests.ecommerce.LoginTest::setup::32  starting initializeLambdaTestSession isLambdaTest true 
2025-09-02 02:45:35 [TestNG-test-UI Automation Test Ecommerce-1] INFO ui.tests.ecommerce.LoginTest::setup::34  executed initializeLambdaTestSession isLambdaTest true now going to homepage 
2025-09-02 02:45:35 [TestNG-test-UI Automation Test Ecommerce-1] INFO ui.pages.ecommerce.HomePage::<init>::27  in BrowserUtility constructor setting driver 
2025-09-02 02:45:35 [TestNG-test-UI Automation Test Ecommerce-1] INFO ui.pages.ecommerce.HomePage::<init>::26  in the home page constructor 
2025-09-02 02:45:40 [TestNG-test-UI Automation Test Ecommerce-1] INFO ui.tests.ecommerce.LoginTest::onTestStart::31  login 
2025-09-02 02:45:40 [TestNG-test-UI Automation Test Ecommerce-1] INFO ui.tests.ecommerce.LoginTest::onTestStart::32  verfify login of users 
2025-09-02 02:45:40 [TestNG-test-UI Automation Test Ecommerce-1] INFO ui.tests.ecommerce.LoginTest::onTestStart::33  [e2e, sanity] 
2025-09-02 02:45:40 [TestNG-test-UI Automation Test Ecommerce-1] INFO ui.pages.ecommerce.HomePage::goToLoginPage::32  clicking on locator 
2025-09-02 02:45:42 [TestNG-test-UI Automation Test Ecommerce-1] INFO ui.pages.ecommerce.HomePage::goToLoginPage::34  locator clicked 
2025-09-02 02:45:42 [TestNG-test-UI Automation Test Ecommerce-1] INFO ui.pages.ecommerce.LoginPage::<init>::27  in BrowserUtility constructor setting driver 
2025-09-02 02:45:44 [TestNG-test-UI Automation Test Ecommerce-1] INFO ui.pages.ecommerce.AccountsPage::<init>::27  in BrowserUtility constructor setting driver 
]]></system-out>
    <system-err><![CDATA[SLF4J: Failed to load class "org.slf4j.impl.StaticLoggerBinder".
SLF4J: Defaulting to no-operation (NOP) logger implementation
SLF4J: See http://www.slf4j.org/codes.html#StaticLoggerBinder for further details.
Sep 02, 2025 2:44:58 AM org.openqa.selenium.remote.tracing.opentelemetry.OpenTelemetryTracer createTracer
INFO: Using OpenTelemetry for tracing
]]></system-err>
  </testcase>
  <testcase name="login[User [emailAddress=bakomam596@skrak.com, password=password]](2)" classname="ui.tests.ecommerce.LoginTest" time="0.0">
    <skipped message="expected [Adi boss] but found [Jatin Sharma]"/>
    <system-out><![CDATA[2025-09-02 02:45:44 [TestNG-test-UI Automation Test Ecommerce-1] INFO ui.tests.ecommerce.LoginTest::onTestSuccess::40  login PASSED 
2025-09-02 02:45:45 [TestNG-test-UI Automation Test Ecommerce-1] INFO ui.tests.ecommerce.LoginTest::setup::32  starting initializeLambdaTestSession isLambdaTest true 
2025-09-02 02:46:19 [TestNG-test-UI Automation Test Ecommerce-1] INFO ui.tests.ecommerce.LoginTest::setup::34  executed initializeLambdaTestSession isLambdaTest true now going to homepage 
2025-09-02 02:46:19 [TestNG-test-UI Automation Test Ecommerce-1] INFO ui.pages.ecommerce.HomePage::<init>::27  in BrowserUtility constructor setting driver 
2025-09-02 02:46:19 [TestNG-test-UI Automation Test Ecommerce-1] INFO ui.pages.ecommerce.HomePage::<init>::26  in the home page constructor 
2025-09-02 02:46:24 [TestNG-test-UI Automation Test Ecommerce-1] INFO ui.tests.ecommerce.LoginTest::onTestStart::31  login 
2025-09-02 02:46:24 [TestNG-test-UI Automation Test Ecommerce-1] INFO ui.tests.ecommerce.LoginTest::onTestStart::32  verfify login of users 
2025-09-02 02:46:24 [TestNG-test-UI Automation Test Ecommerce-1] INFO ui.tests.ecommerce.LoginTest::onTestStart::33  [e2e, sanity] 
2025-09-02 02:46:24 [TestNG-test-UI Automation Test Ecommerce-1] INFO ui.pages.ecommerce.HomePage::goToLoginPage::32  clicking on locator 
2025-09-02 02:46:26 [TestNG-test-UI Automation Test Ecommerce-1] INFO ui.pages.ecommerce.HomePage::goToLoginPage::34  locator clicked 
2025-09-02 02:46:26 [TestNG-test-UI Automation Test Ecommerce-1] INFO ui.pages.ecommerce.LoginPage::<init>::27  in BrowserUtility constructor setting driver 
2025-09-02 02:46:28 [TestNG-test-UI Automation Test Ecommerce-1] INFO ui.pages.ecommerce.AccountsPage::<init>::27  in BrowserUtility constructor setting driver 
]]></system-out>
  </testcase>
  <testcase name="login[User [emailAddress=bakomam596@skrak.com, password=password]](3)" classname="ui.tests.ecommerce.LoginTest" time="3.618">
    <failure message="expected [Adi boss] but found [Jatin Sharma]" type="java.lang.AssertionError"><![CDATA[java.lang.AssertionError: expected [Adi boss] but found [Jatin Sharma]
	at org.testng.Assert.fail(Assert.java:111)
	at org.testng.Assert.failNotEquals(Assert.java:1578)
	at org.testng.Assert.assertEqualsImpl(Assert.java:150)
	at org.testng.Assert.assertEquals(Assert.java:132)
	at org.testng.Assert.assertEquals(Assert.java:656)
	at org.testng.Assert.assertEquals(Assert.java:666)
	at ui.tests.ecommerce.LoginTest.login(LoginTest.java:15)
	at java.base/jdk.internal.reflect.DirectMethodHandleAccessor.invoke(DirectMethodHandleAccessor.java:104)
	at java.base/java.lang.reflect.Method.invoke(Method.java:577)
	at org.testng.internal.invokers.MethodInvocationHelper.invokeMethod(MethodInvocationHelper.java:141)
	at org.testng.internal.invokers.TestInvoker.invokeMethod(TestInvoker.java:686)
	at org.testng.internal.invokers.TestInvoker.retryFailed(TestInvoker.java:269)
	at org.testng.internal.invokers.MethodRunner.runInSequence(MethodRunner.java:76)
	at org.testng.internal.invokers.TestInvoker$MethodInvocationAgent.invoke(TestInvoker.java:992)
	at org.testng.internal.invokers.TestInvoker.invokeTestMethods(TestInvoker.java:203)
	at org.testng.internal.invokers.TestMethodWorker.invokeTestMethods(TestMethodWorker.java:154)
	at org.testng.internal.invokers.TestMethodWorker.run(TestMethodWorker.java:134)
	at java.base/java.util.concurrent.Executors$RunnableAdapter.call(Executors.java:539)
	at java.base/java.util.concurrent.FutureTask.run(FutureTask.java:264)
	at org.testng.internal.thread.graph.TestNGFutureTask.run(TestNGFutureTask.java:22)
	at java.base/java.util.concurrent.ThreadPoolExecutor.runWorker(ThreadPoolExecutor.java:1136)
	at java.base/java.util.concurrent.ThreadPoolExecutor$Worker.run(ThreadPoolExecutor.java:635)
	at java.base/java.lang.Thread.run(Thread.java:833)
]]></failure>
    <system-out><![CDATA[2025-09-02 02:46:28 [TestNG-test-UI Automation Test Ecommerce-1] WARN ui.tests.ecommerce.LoginTest::onTestSkipped::64  login SKIPPED 
2025-09-02 02:46:29 [TestNG-test-UI Automation Test Ecommerce-1] INFO ui.tests.ecommerce.LoginTest::setup::32  starting initializeLambdaTestSession isLambdaTest true 
2025-09-02 02:47:08 [TestNG-test-UI Automation Test Ecommerce-1] INFO ui.tests.ecommerce.LoginTest::setup::34  executed initializeLambdaTestSession isLambdaTest true now going to homepage 
2025-09-02 02:47:08 [TestNG-test-UI Automation Test Ecommerce-1] INFO ui.pages.ecommerce.HomePage::<init>::27  in BrowserUtility constructor setting driver 
2025-09-02 02:47:08 [TestNG-test-UI Automation Test Ecommerce-1] INFO ui.pages.ecommerce.HomePage::<init>::26  in the home page constructor 
2025-09-02 02:47:15 [TestNG-test-UI Automation Test Ecommerce-1] INFO ui.tests.ecommerce.LoginTest::onTestStart::31  login 
2025-09-02 02:47:15 [TestNG-test-UI Automation Test Ecommerce-1] INFO ui.tests.ecommerce.LoginTest::onTestStart::32  verfify login of users 
2025-09-02 02:47:15 [TestNG-test-UI Automation Test Ecommerce-1] INFO ui.tests.ecommerce.LoginTest::onTestStart::33  [e2e, sanity] 
2025-09-02 02:47:15 [TestNG-test-UI Automation Test Ecommerce-1] INFO ui.pages.ecommerce.HomePage::goToLoginPage::32  clicking on locator 
2025-09-02 02:47:16 [TestNG-test-UI Automation Test Ecommerce-1] INFO ui.pages.ecommerce.HomePage::goToLoginPage::34  locator clicked 
2025-09-02 02:47:16 [TestNG-test-UI Automation Test Ecommerce-1] INFO ui.pages.ecommerce.LoginPage::<init>::27  in BrowserUtility constructor setting driver 
2025-09-02 02:47:18 [TestNG-test-UI Automation Test Ecommerce-1] INFO ui.pages.ecommerce.AccountsPage::<init>::27  in BrowserUtility constructor setting driver 
]]></system-out>
  </testcase>
</testsuite>