<?xml version="1.0" encoding="UTF-8"?>
<testng-results retried="1" ignored="1" total="4" passed="1" failed="1" skipped="0">
  <reporter-output>
  </reporter-output>
  <suite started-at="2025-09-02T02:44:57 IST" name="Automation Practice Test Suite" finished-at="2025-09-02T02:47:19 IST" duration-ms="141914">
    <groups>
      <group name="sanity">
        <method signature="LoginTest.login(ui.pojo.ecommerce.User)[pri:0, instance:ui.tests.ecommerce.LoginTest@7d898981]" name="login" class="ui.tests.ecommerce.LoginTest"/>
      </group> <!-- sanity -->
      <group name="e2e">
        <method signature="LoginTest.login(ui.pojo.ecommerce.User)[pri:0, instance:ui.tests.ecommerce.LoginTest@7d898981]" name="login" class="ui.tests.ecommerce.LoginTest"/>
      </group> <!-- e2e -->
    </groups>
    <test started-at="2025-09-02T02:44:57 IST" name="UI Automation Test Ecommerce" finished-at="2025-09-02T02:47:19 IST" duration-ms="141914">
      <class name="ui.tests.ecommerce.LoginTest">
        <test-method is-config="true" signature="setup(java.lang.String,boolean,boolean,org.testng.ITestResult)[pri:0, instance:ui.tests.ecommerce.LoginTest@7d898981]" started-at="2025-09-02T02:44:58 IST" name="setup" finished-at="2025-09-02T02:45:40 IST" duration-ms="42411" status="PASS">
          <params>
            <param index="0">
              <value>
                <![CDATA[chrome]]>
              </value>
            </param>
            <param index="1">
              <value>
                <![CDATA[true]]>
              </value>
            </param>
            <param index="2">
              <value>
                <![CDATA[false]]>
              </value>
            </param>
            <param index="3">
              <value>
                <![CDATA[[TestResult name={null} status=CREATED method=LoginTest.login(ui.pojo.ecommerce.User)[pri:0, instance:ui.tests.ecommerce.LoginTest@7d898981] output={null}]]]>
              </value>
            </param>
          </params>
          <reporter-output>
          </reporter-output>
        </test-method> <!-- setup -->
        <test-method signature="login(ui.pojo.ecommerce.User)[pri:0, instance:ui.tests.ecommerce.LoginTest@7d898981]" started-at="2025-09-02T02:45:40 IST" name="login" description="verfify login of users" data-provider="LoginTestDataProvider" finished-at="2025-09-02T02:45:44 IST" duration-ms="3927" status="PASS">
          <params>
            <param index="0">
              <value>
                <![CDATA[User [emailAddress=gojat62999@cronack.com, password=passpgpass]]]>
              </value>
            </param>
          </params>
          <reporter-output>
          </reporter-output>
        </test-method> <!-- login -->
        <test-method is-config="true" signature="tearDown()[pri:0, instance:ui.tests.ecommerce.LoginTest@7d898981]" started-at="2025-09-02T02:45:44 IST" name="tearDown" description="Tear Down the browser" finished-at="2025-09-02T02:45:45 IST" duration-ms="639" status="PASS">
          <reporter-output>
          </reporter-output>
        </test-method> <!-- tearDown -->
        <test-method is-config="true" signature="setup(java.lang.String,boolean,boolean,org.testng.ITestResult)[pri:0, instance:ui.tests.ecommerce.LoginTest@7d898981]" started-at="2025-09-02T02:45:45 IST" name="setup" finished-at="2025-09-02T02:46:24 IST" duration-ms="39776" status="PASS">
          <params>
            <param index="0">
              <value>
                <![CDATA[chrome]]>
              </value>
            </param>
            <param index="1">
              <value>
                <![CDATA[true]]>
              </value>
            </param>
            <param index="2">
              <value>
                <![CDATA[false]]>
              </value>
            </param>
            <param index="3">
              <value>
                <![CDATA[[TestResult name={null} status=CREATED method=LoginTest.login(ui.pojo.ecommerce.User)[pri:0, instance:ui.tests.ecommerce.LoginTest@7d898981] output={null}]]]>
              </value>
            </param>
          </params>
          <reporter-output>
          </reporter-output>
        </test-method> <!-- setup -->
        <test-method retried="true" signature="login(ui.pojo.ecommerce.User)[pri:0, instance:ui.tests.ecommerce.LoginTest@7d898981]" started-at="2025-09-02T02:46:24 IST" name="login" description="verfify login of users" data-provider="LoginTestDataProvider" finished-at="2025-09-02T02:46:28 IST" duration-ms="3532" status="SKIP">
          <params>
            <param index="0">
              <value>
                <![CDATA[User [emailAddress=bakomam596@skrak.com, password=password]]]>
              </value>
            </param>
          </params>
          <exception class="java.lang.AssertionError">
            <message>
              <![CDATA[expected [Adi boss] but found [Jatin Sharma]]]>
            </message>
            <full-stacktrace>
              <![CDATA[java.lang.AssertionError: expected [Adi boss] but found [Jatin Sharma]
at org.testng.Assert.fail(Assert.java:111)
at org.testng.Assert.failNotEquals(Assert.java:1578)
at org.testng.Assert.assertEqualsImpl(Assert.java:150)
at org.testng.Assert.assertEquals(Assert.java:132)
at org.testng.Assert.assertEquals(Assert.java:656)
at org.testng.Assert.assertEquals(Assert.java:666)
at ui.tests.ecommerce.LoginTest.login(LoginTest.java:15)
at java.base/jdk.internal.reflect.DirectMethodHandleAccessor.invoke(DirectMethodHandleAccessor.java:104)
at java.base/java.lang.reflect.Method.invoke(Method.java:577)
at org.testng.internal.invokers.MethodInvocationHelper.invokeMethod(MethodInvocationHelper.java:141)
at org.testng.internal.invokers.TestInvoker.invokeMethod(TestInvoker.java:686)
at org.testng.internal.invokers.TestInvoker.invokeTestMethod(TestInvoker.java:230)
at org.testng.internal.invokers.MethodRunner.runInSequence(MethodRunner.java:63)
at org.testng.internal.invokers.TestInvoker$MethodInvocationAgent.invoke(TestInvoker.java:992)
at org.testng.internal.invokers.TestInvoker.invokeTestMethods(TestInvoker.java:203)
at org.testng.internal.invokers.TestMethodWorker.invokeTestMethods(TestMethodWorker.java:154)
at org.testng.internal.invokers.TestMethodWorker.run(TestMethodWorker.java:134)
at java.base/java.util.concurrent.Executors$RunnableAdapter.call(Executors.java:539)
at java.base/java.util.concurrent.FutureTask.run(FutureTask.java:264)
at org.testng.internal.thread.graph.TestNGFutureTask.run(TestNGFutureTask.java:22)
at java.base/java.util.concurrent.ThreadPoolExecutor.runWorker(ThreadPoolExecutor.java:1136)
at java.base/java.util.concurrent.ThreadPoolExecutor$Worker.run(ThreadPoolExecutor.java:635)
at java.base/java.lang.Thread.run(Thread.java:833)
]]>
            </full-stacktrace>
          </exception> <!-- java.lang.AssertionError -->
          <reporter-output>
          </reporter-output>
        </test-method> <!-- login -->
        <test-method is-config="true" signature="tearDown()[pri:0, instance:ui.tests.ecommerce.LoginTest@7d898981]" started-at="2025-09-02T02:46:28 IST" name="tearDown" description="Tear Down the browser" finished-at="2025-09-02T02:46:29 IST" duration-ms="685" status="PASS">
          <reporter-output>
          </reporter-output>
        </test-method> <!-- tearDown -->
        <test-method is-config="true" signature="setup(java.lang.String,boolean,boolean,org.testng.ITestResult)[pri:0, instance:ui.tests.ecommerce.LoginTest@7d898981]" started-at="2025-09-02T02:46:29 IST" name="setup" finished-at="2025-09-02T02:47:15 IST" duration-ms="45855" status="PASS">
          <params>
            <param index="0">
              <value>
                <![CDATA[chrome]]>
              </value>
            </param>
            <param index="1">
              <value>
                <![CDATA[true]]>
              </value>
            </param>
            <param index="2">
              <value>
                <![CDATA[false]]>
              </value>
            </param>
            <param index="3">
              <value>
                <![CDATA[[TestResult name={null} status=CREATED method=LoginTest.login(ui.pojo.ecommerce.User)[pri:0, instance:ui.tests.ecommerce.LoginTest@7d898981] output={null}]]]>
              </value>
            </param>
          </params>
          <reporter-output>
          </reporter-output>
        </test-method> <!-- setup -->
        <test-method signature="login(ui.pojo.ecommerce.User)[pri:0, instance:ui.tests.ecommerce.LoginTest@7d898981]" started-at="2025-09-02T02:47:15 IST" name="login" description="verfify login of users" data-provider="LoginTestDataProvider" finished-at="2025-09-02T02:47:18 IST" duration-ms="3619" status="FAIL">
          <params>
            <param index="0">
              <value>
                <![CDATA[User [emailAddress=bakomam596@skrak.com, password=password]]]>
              </value>
            </param>
          </params>
          <exception class="java.lang.AssertionError">
            <message>
              <![CDATA[expected [Adi boss] but found [Jatin Sharma]]]>
            </message>
            <full-stacktrace>
              <![CDATA[java.lang.AssertionError: expected [Adi boss] but found [Jatin Sharma]
at org.testng.Assert.fail(Assert.java:111)
at org.testng.Assert.failNotEquals(Assert.java:1578)
at org.testng.Assert.assertEqualsImpl(Assert.java:150)
at org.testng.Assert.assertEquals(Assert.java:132)
at org.testng.Assert.assertEquals(Assert.java:656)
at org.testng.Assert.assertEquals(Assert.java:666)
at ui.tests.ecommerce.LoginTest.login(LoginTest.java:15)
at java.base/jdk.internal.reflect.DirectMethodHandleAccessor.invoke(DirectMethodHandleAccessor.java:104)
at java.base/java.lang.reflect.Method.invoke(Method.java:577)
at org.testng.internal.invokers.MethodInvocationHelper.invokeMethod(MethodInvocationHelper.java:141)
at org.testng.internal.invokers.TestInvoker.invokeMethod(TestInvoker.java:686)
at org.testng.internal.invokers.TestInvoker.retryFailed(TestInvoker.java:269)
at org.testng.internal.invokers.MethodRunner.runInSequence(MethodRunner.java:76)
at org.testng.internal.invokers.TestInvoker$MethodInvocationAgent.invoke(TestInvoker.java:992)
at org.testng.internal.invokers.TestInvoker.invokeTestMethods(TestInvoker.java:203)
at org.testng.internal.invokers.TestMethodWorker.invokeTestMethods(TestMethodWorker.java:154)
at org.testng.internal.invokers.TestMethodWorker.run(TestMethodWorker.java:134)
at java.base/java.util.concurrent.Executors$RunnableAdapter.call(Executors.java:539)
at java.base/java.util.concurrent.FutureTask.run(FutureTask.java:264)
at org.testng.internal.thread.graph.TestNGFutureTask.run(TestNGFutureTask.java:22)
at java.base/java.util.concurrent.ThreadPoolExecutor.runWorker(ThreadPoolExecutor.java:1136)
at java.base/java.util.concurrent.ThreadPoolExecutor$Worker.run(ThreadPoolExecutor.java:635)
at java.base/java.lang.Thread.run(Thread.java:833)
]]>
            </full-stacktrace>
          </exception> <!-- java.lang.AssertionError -->
          <reporter-output>
          </reporter-output>
        </test-method> <!-- login -->
        <test-method is-config="true" signature="tearDown()[pri:0, instance:ui.tests.ecommerce.LoginTest@7d898981]" started-at="2025-09-02T02:47:19 IST" name="tearDown" description="Tear Down the browser" finished-at="2025-09-02T02:47:19 IST" duration-ms="677" status="PASS">
          <reporter-output>
          </reporter-output>
        </test-method> <!-- tearDown -->
      </class> <!-- ui.tests.ecommerce.LoginTest -->
    </test> <!-- UI Automation Test Ecommerce -->
  </suite> <!-- Automation Practice Test Suite -->
</testng-results>
